<?xml version="1.0" encoding="UTF-8"?>
<testsuite name="MainKtTest" tests="1" skipped="0" failures="0" errors="0" timestamp="2023-01-02T14:19:08" hostname="Maxs-MacBook-Pro.local" time="0.022">
  <properties/>
  <testcase name="givenDivision_whenConverting_thenReturnValidOutput()" classname="MainKtTest" time="0.022"/>
  <system-out><![CDATA[]]></system-out>
  <system-err><![CDATA[]]></system-err>
</testsuite>
